<?xml version="1.0" encoding="UTF-8"?>
<!-- Generated by org.testng.reporters.JUnitXMLReporter -->
<testsuite hostname="Jagadeesh" ignored="1" name="Default test" tests="2" failures="0" timestamp="16 Mar 2022 14:23:56 GMT" time="109.214" errors="0">
  <testcase name="test1" time="9.331" classname="org.test.Flipkart"/>
  <testcase name="test3" time="77.901" classname="org.test.Flipkart"/>
  <testcase name="test2" time="0.0" classname="org.test.Flipkart">
    <ignored/>
  </testcase> <!-- test2 -->
</testsuite> <!-- Default test -->
