<?xml version="1.0" encoding="UTF-8"?>
<testng-results skipped="0" failed="0" ignored="1" total="3" passed="2">
  <reporter-output>
  </reporter-output>
  <suite name="Default suite" duration-ms="109214" started-at="2022-03-16T14:22:07Z" finished-at="2022-03-16T14:23:56Z">
    <groups>
    </groups>
    <test name="Default test" duration-ms="109214" started-at="2022-03-16T14:22:07Z" finished-at="2022-03-16T14:23:56Z">
      <class name="org.test.Flipkart">
        <test-method status="PASS" signature="browser()[pri:0, instance:org.test.Flipkart@78b66d36]" name="browser" is-config="true" duration-ms="11020" started-at="2022-03-16T14:22:07Z" finished-at="2022-03-16T14:22:18Z">
          <reporter-output>
          </reporter-output>
        </test-method> <!-- browser -->
        <test-method status="PASS" signature="url()[pri:0, instance:org.test.Flipkart@78b66d36]" name="url" is-config="true" duration-ms="5013" started-at="2022-03-16T14:22:18Z" finished-at="2022-03-16T14:22:23Z">
          <reporter-output>
          </reporter-output>
        </test-method> <!-- url -->
        <test-method status="PASS" signature="test1()[pri:0, instance:org.test.Flipkart@78b66d36]" name="test1" duration-ms="9331" started-at="2022-03-16T14:22:23Z" finished-at="2022-03-16T14:22:32Z">
          <reporter-output>
          </reporter-output>
        </test-method> <!-- test1 -->
        <test-method status="PASS" signature="after()[pri:0, instance:org.test.Flipkart@78b66d36]" name="after" is-config="true" duration-ms="0" started-at="2022-03-16T14:22:32Z" finished-at="2022-03-16T14:22:32Z">
          <reporter-output>
          </reporter-output>
        </test-method> <!-- after -->
        <test-method status="PASS" signature="url()[pri:0, instance:org.test.Flipkart@78b66d36]" name="url" is-config="true" duration-ms="5000" started-at="2022-03-16T14:22:32Z" finished-at="2022-03-16T14:22:37Z">
          <reporter-output>
          </reporter-output>
        </test-method> <!-- url -->
        <test-method status="PASS" signature="test3()[pri:0, instance:org.test.Flipkart@78b66d36]" name="test3" duration-ms="77901" started-at="2022-03-16T14:22:37Z" finished-at="2022-03-16T14:23:55Z">
          <reporter-output>
          </reporter-output>
        </test-method> <!-- test3 -->
        <test-method status="PASS" signature="after()[pri:0, instance:org.test.Flipkart@78b66d36]" name="after" is-config="true" duration-ms="1" started-at="2022-03-16T14:23:55Z" finished-at="2022-03-16T14:23:55Z">
          <reporter-output>
          </reporter-output>
        </test-method> <!-- after -->
        <test-method status="PASS" signature="af()[pri:0, instance:org.test.Flipkart@78b66d36]" name="af" is-config="true" duration-ms="909" started-at="2022-03-16T14:23:55Z" finished-at="2022-03-16T14:23:56Z">
          <reporter-output>
          </reporter-output>
        </test-method> <!-- af -->
      </class> <!-- org.test.Flipkart -->
    </test> <!-- Default test -->
  </suite> <!-- Default suite -->
</testng-results>
