<?xml version="1.0" encoding="UTF-8"?>
<testng-results skipped="0" failed="0" ignored="0" total="3" passed="3">
  <reporter-output>
  </reporter-output>
  <suite name="Default suite" duration-ms="12744" started-at="2022-03-15T19:41:20Z" finished-at="2022-03-15T19:41:33Z">
    <groups>
    </groups>
    <test name="Default test" duration-ms="12744" started-at="2022-03-15T19:41:20Z" finished-at="2022-03-15T19:41:33Z">
      <class name="org.test.Sample">
        <test-method status="PASS" signature="beforeClass()[pri:0, instance:org.test.Sample@1c93084c]" name="beforeClass" is-config="true" duration-ms="8215" started-at="2022-03-15T19:41:20Z" finished-at="2022-03-15T19:41:28Z">
          <reporter-output>
          </reporter-output>
        </test-method> <!-- beforeClass -->
        <test-method status="PASS" signature="test1()[pri:0, instance:org.test.Sample@1c93084c]" name="test1" duration-ms="981" started-at="2022-03-15T19:41:28Z" finished-at="2022-03-15T19:41:29Z">
          <reporter-output>
          </reporter-output>
        </test-method> <!-- test1 -->
        <test-method status="PASS" signature="test2()[pri:0, instance:org.test.Sample@1c93084c]" name="test2" duration-ms="2733" started-at="2022-03-15T19:41:29Z" finished-at="2022-03-15T19:41:32Z">
          <reporter-output>
          </reporter-output>
        </test-method> <!-- test2 -->
        <test-method status="PASS" signature="test3()[pri:0, instance:org.test.Sample@1c93084c]" name="test3" duration-ms="739" started-at="2022-03-15T19:41:32Z" finished-at="2022-03-15T19:41:33Z">
          <reporter-output>
          </reporter-output>
        </test-method> <!-- test3 -->
      </class> <!-- org.test.Sample -->
    </test> <!-- Default test -->
  </suite> <!-- Default suite -->
</testng-results>
